2014.04.07 14:16:46.160 PDT INFO: *** SYSTEM START ***
2014.04.07 14:16:47.060 PDT INFO: Loaded 5000 instances: 19a4c0ee-233f-4fc9-a060-87d58f455fc6 -- Parser.getInstance()
2014.04.07 14:16:47.099 PDT INFO: Loaded 6000 instances: metaproject_Class2032353 -- Parser.getInstance()
2014.04.07 14:16:47.137 PDT INFO: Loaded 7000 instances: 243d32b0-1238-4c11-b8c7-9a99e570d56f_Writers -- Parser.getInstance()
2014.04.07 14:16:47.173 PDT INFO: Loaded 8000 instances: 289c2e84-b733-4b05-b7a9-da0c5fb59db7 -- Parser.getInstance()
2014.04.07 14:16:47.237 PDT INFO: Loaded 9000 instances: 2d66dc8e-c536-40b1-a151-f52d6d5e90a7 -- Parser.getInstance()
2014.04.07 14:16:47.273 PDT INFO: Loaded 10000 instances: 32477347-6392-492f-ba4f-e5fcd2b351dc_Readers -- Parser.getInstance()
2014.04.07 14:16:47.306 PDT INFO: Loaded 11000 instances: metaproject_Class1880715 -- Parser.getInstance()
2014.04.07 14:16:47.340 PDT INFO: Loaded 12000 instances: 3c4354d9-b21d-46a3-bab8-9263d094cc8d -- Parser.getInstance()
2014.04.07 14:16:47.361 PDT INFO: Loaded 13000 instances: metaproject_Class1980037 -- Parser.getInstance()
2014.04.07 14:16:47.423 PDT INFO: Loaded 14000 instances: 462b91e6-5f00-499c-8330-f00e8168d327_Readers -- Parser.getInstance()
2014.04.07 14:16:47.443 PDT INFO: Loaded 15000 instances: 4c71edd6-b419-4eab-8eb7-1572a19af633 -- Parser.getInstance()
2014.04.07 14:16:47.464 PDT INFO: Loaded 16000 instances: metaproject_Class1760220 -- Parser.getInstance()
2014.04.07 14:16:47.485 PDT INFO: Loaded 17000 instances: metaproject_Class490052 -- Parser.getInstance()
2014.04.07 14:16:47.534 PDT INFO: Loaded 18000 instances: 5e132749-13e2-4871-91da-177ac8b1c7bf_Commenters -- Parser.getInstance()
2014.04.07 14:16:47.555 PDT INFO: Loaded 19000 instances: 6341856d-5175-4564-b874-eb94777e0cc3_Writers -- Parser.getInstance()
2014.04.07 14:16:47.586 PDT INFO: Loaded 20000 instances: 68c3ed40-761f-484f-a50d-ed6292a68f5d_Writers -- Parser.getInstance()
2014.04.07 14:16:47.608 PDT INFO: Loaded 21000 instances: 6dc96290-c5a1-4dd9-8e4b-af8e47f78131_Commenters -- Parser.getInstance()
2014.04.07 14:16:47.631 PDT INFO: Loaded 22000 instances: metaproject_Class2020040 -- Parser.getInstance()
2014.04.07 14:16:47.681 PDT INFO: Loaded 23000 instances: metaproject_Class1890755 -- Parser.getInstance()
2014.04.07 14:16:47.711 PDT INFO: Loaded 24000 instances: 7d30699f-71ff-4a98-a457-5e3e86f084f0_Commenters -- Parser.getInstance()
2014.04.07 14:16:47.733 PDT INFO: Loaded 25000 instances: metaproject_Class1971166 -- Parser.getInstance()
2014.04.07 14:16:47.755 PDT INFO: Loaded 26000 instances: metaproject_Class1811764 -- Parser.getInstance()
2014.04.07 14:16:47.806 PDT INFO: Loaded 27000 instances: metaproject_Class1940971 -- Parser.getInstance()
2014.04.07 14:16:47.829 PDT INFO: Loaded 28000 instances: metaproject_Class1830145 -- Parser.getInstance()
2014.04.07 14:16:47.850 PDT INFO: Loaded 29000 instances: metaproject_Class1890693 -- Parser.getInstance()
2014.04.07 14:16:47.874 PDT INFO: Loaded 30000 instances: metaproject_Class1991596 -- Parser.getInstance()
2014.04.07 14:16:47.925 PDT INFO: Loaded 31000 instances: metaproject_Class1901068 -- Parser.getInstance()
2014.04.07 14:16:47.946 PDT INFO: Loaded 32000 instances: a94459fa-c158-4dfe-913f-d5709af125bf_Readers -- Parser.getInstance()
2014.04.07 14:16:47.967 PDT INFO: Loaded 33000 instances: ae6b5b8a-3f87-4d86-a855-a6a25c655404_Readers -- Parser.getInstance()
2014.04.07 14:16:47.990 PDT INFO: Loaded 34000 instances: b2c6bdfc-6bb1-486e-93b6-e7c026d0910f_Commenters -- Parser.getInstance()
2014.04.07 14:16:48.011 PDT INFO: Loaded 35000 instances: metaproject_Class1990390 -- Parser.getInstance()
2014.04.07 14:16:48.068 PDT INFO: Loaded 36000 instances: metaproject_Class1840676 -- Parser.getInstance()
2014.04.07 14:16:48.089 PDT INFO: Loaded 37000 instances: metaproject_Class2034781 -- Parser.getInstance()
2014.04.07 14:16:48.116 PDT INFO: Loaded 38000 instances: c7da27bb-61c4-4cf3-8f71-0961d06bce16_None -- Parser.getInstance()
2014.04.07 14:16:48.139 PDT INFO: Loaded 39000 instances: cd69d639-2c67-4530-ae25-1d3f01f90bf0_Readers -- Parser.getInstance()
2014.04.07 14:16:48.198 PDT INFO: Loaded 40000 instances: metaproject_Class2035693 -- Parser.getInstance()
2014.04.07 14:16:48.224 PDT INFO: Loaded 41000 instances: metaproject_Class1810574 -- Parser.getInstance()
2014.04.07 14:16:48.249 PDT INFO: Loaded 42000 instances: metaproject_Class1811263 -- Parser.getInstance()
2014.04.07 14:16:48.272 PDT INFO: Loaded 43000 instances: drugtests_Readers -- Parser.getInstance()
2014.04.07 14:16:48.297 PDT INFO: Loaded 44000 instances: metaproject_Class2031196 -- Parser.getInstance()
2014.04.07 14:16:48.357 PDT INFO: Loaded 45000 instances: metaproject_Class1830456 -- Parser.getInstance()
2014.04.07 14:16:48.383 PDT INFO: Loaded 46000 instances: metaproject_Class490057 -- Parser.getInstance()
2014.04.07 14:16:48.415 PDT INFO: Loaded 47000 instances: f5450db7-fbe5-4a9f-abcb-a9151d2cc97f -- Parser.getInstance()
2014.04.07 14:16:48.444 PDT INFO: Loaded 48000 instances: fa401009-2483-4154-bdf7-d63d039ec113_Readers -- Parser.getInstance()
2014.04.07 14:16:48.498 PDT INFO: Loaded 49000 instances: metaproject_Class1890872 -- Parser.getInstance()
2014.04.07 14:16:48.535 PDT INFO: Loaded 50000 instances: metaproject_Class80003 -- Parser.getInstance()
2014.04.07 14:16:48.607 PDT INFO: Loaded 51000 instances: metaproject_Class1090026 -- Parser.getInstance()
2014.04.07 14:16:48.719 PDT INFO: Loaded 52000 instances: metaproject_Class1430004 -- Parser.getInstance()
2014.04.07 14:16:48.997 PDT INFO: Loaded 53000 instances: metaproject_Class1810858 -- Parser.getInstance()
2014.04.07 14:16:49.103 PDT INFO: Set type on 5000 instances: metaproject_Class1810824 -- Parser.getInstance()
2014.04.07 14:16:49.176 PDT INFO: Set type on 6000 instances: metaproject_Class1830002 -- Parser.getInstance()
2014.04.07 14:16:49.231 PDT INFO: Set type on 7000 instances: metaproject_Class1840122 -- Parser.getInstance()
2014.04.07 14:16:49.322 PDT INFO: Set type on 8000 instances: metaproject_Class1880245 -- Parser.getInstance()
2014.04.07 14:16:49.377 PDT INFO: Set type on 9000 instances: metaproject_Class1881451 -- Parser.getInstance()
2014.04.07 14:16:49.431 PDT INFO: Set type on 10000 instances: metaproject_Class1890655 -- Parser.getInstance()
2014.04.07 14:16:49.507 PDT INFO: Set type on 11000 instances: metaproject_Class1891856 -- Parser.getInstance()
2014.04.07 14:16:49.551 PDT INFO: Set type on 12000 instances: metaproject_Class1901565 -- Parser.getInstance()
2014.04.07 14:16:49.620 PDT INFO: Set type on 13000 instances: metaproject_Class1902927 -- Parser.getInstance()
2014.04.07 14:16:49.674 PDT INFO: Set type on 14000 instances: metaproject_Class1910362 -- Parser.getInstance()
2014.04.07 14:16:49.704 PDT INFO: Loaded 54000 instances: metaproject_Class1940493 -- Parser.getInstance()
2014.04.07 14:16:49.722 PDT INFO: Set type on 15000 instances: metaproject_Class1940947 -- Parser.getInstance()
2014.04.07 14:16:49.800 PDT INFO: Set type on 16000 instances: metaproject_Class1942228 -- Parser.getInstance()
2014.04.07 14:16:49.842 PDT INFO: Set type on 17000 instances: metaproject_Class1943405 -- Parser.getInstance()
2014.04.07 14:16:49.889 PDT INFO: Set type on 18000 instances: metaproject_Class1971043 -- Parser.getInstance()
2014.04.07 14:16:49.975 PDT INFO: Set type on 19000 instances: metaproject_Class1980565 -- Parser.getInstance()
2014.04.07 14:16:50.021 PDT INFO: Set type on 20000 instances: metaproject_Class1991196 -- Parser.getInstance()
2014.04.07 14:16:50.104 PDT INFO: Set type on 21000 instances: metaproject_Class2030238 -- Parser.getInstance()
2014.04.07 14:16:50.157 PDT INFO: Set type on 22000 instances: metaproject_Class2031463 -- Parser.getInstance()
2014.04.07 14:16:50.211 PDT INFO: Set type on 23000 instances: metaproject_Class2032836 -- Parser.getInstance()
2014.04.07 14:16:50.296 PDT INFO: Set type on 24000 instances: metaproject_Class2034072 -- Parser.getInstance()
2014.04.07 14:16:50.349 PDT INFO: Set type on 25000 instances: metaproject_Class2035311 -- Parser.getInstance()
2014.04.07 14:16:50.434 PDT INFO: Set type on 26000 instances: metaproject_Class2036503 -- Parser.getInstance()
2014.04.07 14:16:50.478 PDT INFO: Loaded 55000 instances: metaproject_Class2037612 -- Parser.getInstance()
2014.04.07 14:16:50.488 PDT INFO: Set type on 27000 instances: metaproject_Class2037823 -- Parser.getInstance()
2014.04.07 14:16:50.592 PDT INFO: Loaded 56000 instances: MyOnto_Writers -- Parser.getInstance()
2014.04.07 14:16:50.641 PDT INFO: Set type on 28000 instances: metaproject_Class640012 -- Parser.getInstance()
2014.04.07 14:16:50.654 PDT INFO: Loaded 57000 instances: metaproject_Class700035 -- Parser.getInstance()
2014.04.07 14:16:50.812 PDT INFO: Set type on 29000 instances: SA_gist_Commenters -- Parser.getInstance()
2014.04.07 14:16:50.835 PDT INFO: Loaded 58000 instances: tesis -- Parser.getInstance()
2014.04.07 14:21:51.575 PDT INFO: *** SYSTEM START ***
2014.04.07 14:21:52.456 PDT INFO: Loaded 5000 instances: 19a4c0ee-233f-4fc9-a060-87d58f455fc6 -- Parser.getInstance()
2014.04.07 14:21:52.496 PDT INFO: Loaded 6000 instances: metaproject_Class2032353 -- Parser.getInstance()
2014.04.07 14:21:52.536 PDT INFO: Loaded 7000 instances: 243d32b0-1238-4c11-b8c7-9a99e570d56f_Writers -- Parser.getInstance()
2014.04.07 14:21:52.605 PDT INFO: Loaded 8000 instances: 289c2e84-b733-4b05-b7a9-da0c5fb59db7 -- Parser.getInstance()
2014.04.07 14:21:52.644 PDT INFO: Loaded 9000 instances: 2d66dc8e-c536-40b1-a151-f52d6d5e90a7 -- Parser.getInstance()
2014.04.07 14:21:52.678 PDT INFO: Loaded 10000 instances: 32477347-6392-492f-ba4f-e5fcd2b351dc_Readers -- Parser.getInstance()
2014.04.07 14:21:52.709 PDT INFO: Loaded 11000 instances: metaproject_Class1880715 -- Parser.getInstance()
2014.04.07 14:21:52.737 PDT INFO: Loaded 12000 instances: 3c4354d9-b21d-46a3-bab8-9263d094cc8d -- Parser.getInstance()
2014.04.07 14:21:52.791 PDT INFO: Loaded 13000 instances: metaproject_Class1980037 -- Parser.getInstance()
2014.04.07 14:21:52.816 PDT INFO: Loaded 14000 instances: 462b91e6-5f00-499c-8330-f00e8168d327_Readers -- Parser.getInstance()
2014.04.07 14:21:52.840 PDT INFO: Loaded 15000 instances: 4c71edd6-b419-4eab-8eb7-1572a19af633 -- Parser.getInstance()
2014.04.07 14:21:52.862 PDT INFO: Loaded 16000 instances: metaproject_Class1760220 -- Parser.getInstance()
2014.04.07 14:21:52.888 PDT INFO: Loaded 17000 instances: metaproject_Class490052 -- Parser.getInstance()
2014.04.07 14:21:52.941 PDT INFO: Loaded 18000 instances: 5e132749-13e2-4871-91da-177ac8b1c7bf_Commenters -- Parser.getInstance()
2014.04.07 14:21:52.967 PDT INFO: Loaded 19000 instances: 6341856d-5175-4564-b874-eb94777e0cc3_Writers -- Parser.getInstance()
2014.04.07 14:21:53.000 PDT INFO: Loaded 20000 instances: 68c3ed40-761f-484f-a50d-ed6292a68f5d_Writers -- Parser.getInstance()
2014.04.07 14:21:53.031 PDT INFO: Loaded 21000 instances: 6dc96290-c5a1-4dd9-8e4b-af8e47f78131_Commenters -- Parser.getInstance()
2014.04.07 14:21:53.090 PDT INFO: Loaded 22000 instances: metaproject_Class2020040 -- Parser.getInstance()
2014.04.07 14:21:53.119 PDT INFO: Loaded 23000 instances: metaproject_Class1890755 -- Parser.getInstance()
2014.04.07 14:21:53.146 PDT INFO: Loaded 24000 instances: 7d30699f-71ff-4a98-a457-5e3e86f084f0_Commenters -- Parser.getInstance()
2014.04.07 14:21:53.170 PDT INFO: Loaded 25000 instances: metaproject_Class1971166 -- Parser.getInstance()
2014.04.07 14:21:53.221 PDT INFO: Loaded 26000 instances: metaproject_Class1811764 -- Parser.getInstance()
2014.04.07 14:21:53.243 PDT INFO: Loaded 27000 instances: metaproject_Class1940971 -- Parser.getInstance()
2014.04.07 14:21:53.268 PDT INFO: Loaded 28000 instances: metaproject_Class1830145 -- Parser.getInstance()
2014.04.07 14:21:53.290 PDT INFO: Loaded 29000 instances: metaproject_Class1890693 -- Parser.getInstance()
2014.04.07 14:21:53.314 PDT INFO: Loaded 30000 instances: metaproject_Class1991596 -- Parser.getInstance()
2014.04.07 14:21:53.362 PDT INFO: Loaded 31000 instances: metaproject_Class1901068 -- Parser.getInstance()
2014.04.07 14:21:53.387 PDT INFO: Loaded 32000 instances: a94459fa-c158-4dfe-913f-d5709af125bf_Readers -- Parser.getInstance()
2014.04.07 14:21:53.410 PDT INFO: Loaded 33000 instances: ae6b5b8a-3f87-4d86-a855-a6a25c655404_Readers -- Parser.getInstance()
2014.04.07 14:21:53.435 PDT INFO: Loaded 34000 instances: b2c6bdfc-6bb1-486e-93b6-e7c026d0910f_Commenters -- Parser.getInstance()
2014.04.07 14:21:53.494 PDT INFO: Loaded 35000 instances: metaproject_Class1990390 -- Parser.getInstance()
2014.04.07 14:21:53.520 PDT INFO: Loaded 36000 instances: metaproject_Class1840676 -- Parser.getInstance()
2014.04.07 14:21:53.543 PDT INFO: Loaded 37000 instances: metaproject_Class2034781 -- Parser.getInstance()
2014.04.07 14:21:53.567 PDT INFO: Loaded 38000 instances: c7da27bb-61c4-4cf3-8f71-0961d06bce16_None -- Parser.getInstance()
2014.04.07 14:21:53.593 PDT INFO: Loaded 39000 instances: cd69d639-2c67-4530-ae25-1d3f01f90bf0_Readers -- Parser.getInstance()
2014.04.07 14:21:53.646 PDT INFO: Loaded 40000 instances: metaproject_Class2035693 -- Parser.getInstance()
2014.04.07 14:21:53.670 PDT INFO: Loaded 41000 instances: metaproject_Class1810574 -- Parser.getInstance()
2014.04.07 14:21:53.696 PDT INFO: Loaded 42000 instances: metaproject_Class1811263 -- Parser.getInstance()
2014.04.07 14:21:53.721 PDT INFO: Loaded 43000 instances: drugtests_Readers -- Parser.getInstance()
2014.04.07 14:21:53.783 PDT INFO: Loaded 44000 instances: metaproject_Class2031196 -- Parser.getInstance()
2014.04.07 14:21:53.809 PDT INFO: Loaded 45000 instances: metaproject_Class1830456 -- Parser.getInstance()
2014.04.07 14:21:53.835 PDT INFO: Loaded 46000 instances: metaproject_Class490057 -- Parser.getInstance()
2014.04.07 14:21:53.865 PDT INFO: Loaded 47000 instances: f5450db7-fbe5-4a9f-abcb-a9151d2cc97f -- Parser.getInstance()
2014.04.07 14:21:53.920 PDT INFO: Loaded 48000 instances: fa401009-2483-4154-bdf7-d63d039ec113_Readers -- Parser.getInstance()
2014.04.07 14:21:53.950 PDT INFO: Loaded 49000 instances: metaproject_Class1890872 -- Parser.getInstance()
2014.04.07 14:21:53.987 PDT INFO: Loaded 50000 instances: metaproject_Class80003 -- Parser.getInstance()
2014.04.07 14:21:54.061 PDT INFO: Loaded 51000 instances: metaproject_Class1090026 -- Parser.getInstance()
2014.04.07 14:21:54.176 PDT INFO: Loaded 52000 instances: metaproject_Class1430004 -- Parser.getInstance()
2014.04.07 14:21:54.459 PDT INFO: Loaded 53000 instances: metaproject_Class1810858 -- Parser.getInstance()
2014.04.07 14:21:54.555 PDT INFO: Set type on 5000 instances: metaproject_Class1810824 -- Parser.getInstance()
2014.04.07 14:21:54.618 PDT INFO: Set type on 6000 instances: metaproject_Class1830002 -- Parser.getInstance()
2014.04.07 14:21:54.712 PDT INFO: Set type on 7000 instances: metaproject_Class1840122 -- Parser.getInstance()
2014.04.07 14:21:54.769 PDT INFO: Set type on 8000 instances: metaproject_Class1880245 -- Parser.getInstance()
2014.04.07 14:21:54.822 PDT INFO: Set type on 9000 instances: metaproject_Class1881451 -- Parser.getInstance()
2014.04.07 14:21:54.905 PDT INFO: Set type on 10000 instances: metaproject_Class1890655 -- Parser.getInstance()
2014.04.07 14:21:54.954 PDT INFO: Set type on 11000 instances: metaproject_Class1891856 -- Parser.getInstance()
2014.04.07 14:21:54.999 PDT INFO: Set type on 12000 instances: metaproject_Class1901565 -- Parser.getInstance()
2014.04.07 14:21:55.073 PDT INFO: Set type on 13000 instances: metaproject_Class1902927 -- Parser.getInstance()
2014.04.07 14:21:55.122 PDT INFO: Set type on 14000 instances: metaproject_Class1910362 -- Parser.getInstance()
2014.04.07 14:21:55.152 PDT INFO: Loaded 54000 instances: metaproject_Class1940493 -- Parser.getInstance()
2014.04.07 14:21:55.203 PDT INFO: Set type on 15000 instances: metaproject_Class1940947 -- Parser.getInstance()
2014.04.07 14:21:55.249 PDT INFO: Set type on 16000 instances: metaproject_Class1942228 -- Parser.getInstance()
2014.04.07 14:21:55.294 PDT INFO: Set type on 17000 instances: metaproject_Class1943405 -- Parser.getInstance()
2014.04.07 14:21:55.373 PDT INFO: Set type on 18000 instances: metaproject_Class1971043 -- Parser.getInstance()
2014.04.07 14:21:55.425 PDT INFO: Set type on 19000 instances: metaproject_Class1980565 -- Parser.getInstance()
2014.04.07 14:21:55.503 PDT INFO: Set type on 20000 instances: metaproject_Class1991196 -- Parser.getInstance()
2014.04.07 14:21:55.557 PDT INFO: Set type on 21000 instances: metaproject_Class2030238 -- Parser.getInstance()
2014.04.07 14:21:55.612 PDT INFO: Set type on 22000 instances: metaproject_Class2031463 -- Parser.getInstance()
2014.04.07 14:21:55.696 PDT INFO: Set type on 23000 instances: metaproject_Class2032836 -- Parser.getInstance()
2014.04.07 14:21:55.753 PDT INFO: Set type on 24000 instances: metaproject_Class2034072 -- Parser.getInstance()
2014.04.07 14:21:55.810 PDT INFO: Set type on 25000 instances: metaproject_Class2035311 -- Parser.getInstance()
2014.04.07 14:21:55.892 PDT INFO: Set type on 26000 instances: metaproject_Class2036503 -- Parser.getInstance()
2014.04.07 14:21:55.939 PDT INFO: Loaded 55000 instances: metaproject_Class2037612 -- Parser.getInstance()
2014.04.07 14:21:55.949 PDT INFO: Set type on 27000 instances: metaproject_Class2037823 -- Parser.getInstance()
2014.04.07 14:21:56.064 PDT INFO: Loaded 56000 instances: MyOnto_Writers -- Parser.getInstance()
2014.04.07 14:21:56.114 PDT INFO: Set type on 28000 instances: metaproject_Class640012 -- Parser.getInstance()
2014.04.07 14:21:56.130 PDT INFO: Loaded 57000 instances: metaproject_Class700035 -- Parser.getInstance()
2014.04.07 14:21:56.306 PDT INFO: Set type on 29000 instances: SA_gist_Commenters -- Parser.getInstance()
2014.04.07 14:21:56.318 PDT INFO: Loaded 58000 instances: tesis -- Parser.getInstance()
2014.04.07 14:28:26.532 PDT INFO: *** SYSTEM START ***
2014.04.07 14:28:27.393 PDT INFO: Loaded 5000 instances: 19a4c0ee-233f-4fc9-a060-87d58f455fc6 -- Parser.getInstance()
2014.04.07 14:28:27.433 PDT INFO: Loaded 6000 instances: metaproject_Class2032353 -- Parser.getInstance()
2014.04.07 14:28:27.479 PDT INFO: Loaded 7000 instances: 243d32b0-1238-4c11-b8c7-9a99e570d56f_Writers -- Parser.getInstance()
2014.04.07 14:28:27.572 PDT INFO: Loaded 8000 instances: 289c2e84-b733-4b05-b7a9-da0c5fb59db7 -- Parser.getInstance()
2014.04.07 14:28:27.608 PDT INFO: Loaded 9000 instances: 2d66dc8e-c536-40b1-a151-f52d6d5e90a7 -- Parser.getInstance()
2014.04.07 14:28:27.636 PDT INFO: Loaded 10000 instances: 32477347-6392-492f-ba4f-e5fcd2b351dc_Readers -- Parser.getInstance()
2014.04.07 14:28:27.661 PDT INFO: Loaded 11000 instances: metaproject_Class1880715 -- Parser.getInstance()
2014.04.07 14:28:27.693 PDT INFO: Loaded 12000 instances: 3c4354d9-b21d-46a3-bab8-9263d094cc8d -- Parser.getInstance()
2014.04.07 14:28:27.714 PDT INFO: Loaded 13000 instances: metaproject_Class1980037 -- Parser.getInstance()
2014.04.07 14:28:27.734 PDT INFO: Loaded 14000 instances: 462b91e6-5f00-499c-8330-f00e8168d327_Readers -- Parser.getInstance()
2014.04.07 14:28:27.754 PDT INFO: Loaded 15000 instances: 4c71edd6-b419-4eab-8eb7-1572a19af633 -- Parser.getInstance()
2014.04.07 14:28:27.773 PDT INFO: Loaded 16000 instances: metaproject_Class1760220 -- Parser.getInstance()
2014.04.07 14:28:27.794 PDT INFO: Loaded 17000 instances: metaproject_Class490052 -- Parser.getInstance()
2014.04.07 14:28:27.815 PDT INFO: Loaded 18000 instances: 5e132749-13e2-4871-91da-177ac8b1c7bf_Commenters -- Parser.getInstance()
2014.04.07 14:28:27.836 PDT INFO: Loaded 19000 instances: 6341856d-5175-4564-b874-eb94777e0cc3_Writers -- Parser.getInstance()
2014.04.07 14:28:27.868 PDT INFO: Loaded 20000 instances: 68c3ed40-761f-484f-a50d-ed6292a68f5d_Writers -- Parser.getInstance()
2014.04.07 14:28:27.891 PDT INFO: Loaded 21000 instances: 6dc96290-c5a1-4dd9-8e4b-af8e47f78131_Commenters -- Parser.getInstance()
2014.04.07 14:28:27.912 PDT INFO: Loaded 22000 instances: metaproject_Class2020040 -- Parser.getInstance()
2014.04.07 14:28:27.938 PDT INFO: Loaded 23000 instances: metaproject_Class1890755 -- Parser.getInstance()
2014.04.07 14:28:27.963 PDT INFO: Loaded 24000 instances: 7d30699f-71ff-4a98-a457-5e3e86f084f0_Commenters -- Parser.getInstance()
2014.04.07 14:28:27.986 PDT INFO: Loaded 25000 instances: metaproject_Class1971166 -- Parser.getInstance()
2014.04.07 14:28:28.007 PDT INFO: Loaded 26000 instances: metaproject_Class1811764 -- Parser.getInstance()
2014.04.07 14:28:28.031 PDT INFO: Loaded 27000 instances: metaproject_Class1940971 -- Parser.getInstance()
2014.04.07 14:28:28.051 PDT INFO: Loaded 28000 instances: metaproject_Class1830145 -- Parser.getInstance()
2014.04.07 14:28:28.073 PDT INFO: Loaded 29000 instances: metaproject_Class1890693 -- Parser.getInstance()
2014.04.07 14:28:28.094 PDT INFO: Loaded 30000 instances: metaproject_Class1991596 -- Parser.getInstance()
2014.04.07 14:28:28.116 PDT INFO: Loaded 31000 instances: metaproject_Class1901068 -- Parser.getInstance()
2014.04.07 14:28:28.138 PDT INFO: Loaded 32000 instances: a94459fa-c158-4dfe-913f-d5709af125bf_Readers -- Parser.getInstance()
2014.04.07 14:28:28.160 PDT INFO: Loaded 33000 instances: ae6b5b8a-3f87-4d86-a855-a6a25c655404_Readers -- Parser.getInstance()
2014.04.07 14:28:28.184 PDT INFO: Loaded 34000 instances: b2c6bdfc-6bb1-486e-93b6-e7c026d0910f_Commenters -- Parser.getInstance()
2014.04.07 14:28:28.206 PDT INFO: Loaded 35000 instances: metaproject_Class1990390 -- Parser.getInstance()
2014.04.07 14:28:28.231 PDT INFO: Loaded 36000 instances: metaproject_Class1840676 -- Parser.getInstance()
2014.04.07 14:28:28.254 PDT INFO: Loaded 37000 instances: metaproject_Class2034781 -- Parser.getInstance()
2014.04.07 14:28:28.411 PDT INFO: Loaded 38000 instances: c7da27bb-61c4-4cf3-8f71-0961d06bce16_None -- Parser.getInstance()
2014.04.07 14:28:28.433 PDT INFO: Loaded 39000 instances: cd69d639-2c67-4530-ae25-1d3f01f90bf0_Readers -- Parser.getInstance()
2014.04.07 14:28:28.458 PDT INFO: Loaded 40000 instances: metaproject_Class2035693 -- Parser.getInstance()
2014.04.07 14:28:28.481 PDT INFO: Loaded 41000 instances: metaproject_Class1810574 -- Parser.getInstance()
2014.04.07 14:28:28.506 PDT INFO: Loaded 42000 instances: metaproject_Class1811263 -- Parser.getInstance()
2014.04.07 14:28:28.532 PDT INFO: Loaded 43000 instances: drugtests_Readers -- Parser.getInstance()
2014.04.07 14:28:28.556 PDT INFO: Loaded 44000 instances: metaproject_Class2031196 -- Parser.getInstance()
2014.04.07 14:28:28.581 PDT INFO: Loaded 45000 instances: metaproject_Class1830456 -- Parser.getInstance()
2014.04.07 14:28:28.605 PDT INFO: Loaded 46000 instances: metaproject_Class490057 -- Parser.getInstance()
2014.04.07 14:28:28.636 PDT INFO: Loaded 47000 instances: f5450db7-fbe5-4a9f-abcb-a9151d2cc97f -- Parser.getInstance()
2014.04.07 14:28:28.662 PDT INFO: Loaded 48000 instances: fa401009-2483-4154-bdf7-d63d039ec113_Readers -- Parser.getInstance()
2014.04.07 14:28:28.688 PDT INFO: Loaded 49000 instances: metaproject_Class1890872 -- Parser.getInstance()
2014.04.07 14:28:28.723 PDT INFO: Loaded 50000 instances: metaproject_Class80003 -- Parser.getInstance()
2014.04.07 14:28:28.792 PDT INFO: Loaded 51000 instances: metaproject_Class1090026 -- Parser.getInstance()
2014.04.07 14:28:28.881 PDT INFO: Loaded 52000 instances: metaproject_Class1430004 -- Parser.getInstance()
2014.04.07 14:28:29.127 PDT INFO: Loaded 53000 instances: metaproject_Class1810858 -- Parser.getInstance()
2014.04.07 14:28:29.185 PDT INFO: Set type on 5000 instances: metaproject_Class1810824 -- Parser.getInstance()
2014.04.07 14:28:29.246 PDT INFO: Set type on 6000 instances: metaproject_Class1830002 -- Parser.getInstance()
2014.04.07 14:28:29.308 PDT INFO: Set type on 7000 instances: metaproject_Class1840122 -- Parser.getInstance()
2014.04.07 14:28:29.511 PDT INFO: Set type on 8000 instances: metaproject_Class1880245 -- Parser.getInstance()
2014.04.07 14:28:29.566 PDT INFO: Set type on 9000 instances: metaproject_Class1881451 -- Parser.getInstance()
2014.04.07 14:28:29.621 PDT INFO: Set type on 10000 instances: metaproject_Class1890655 -- Parser.getInstance()
2014.04.07 14:28:29.675 PDT INFO: Set type on 11000 instances: metaproject_Class1891856 -- Parser.getInstance()
2014.04.07 14:28:29.721 PDT INFO: Set type on 12000 instances: metaproject_Class1901565 -- Parser.getInstance()
2014.04.07 14:28:29.764 PDT INFO: Set type on 13000 instances: metaproject_Class1902927 -- Parser.getInstance()
2014.04.07 14:28:29.815 PDT INFO: Set type on 14000 instances: metaproject_Class1910362 -- Parser.getInstance()
2014.04.07 14:28:29.847 PDT INFO: Loaded 54000 instances: metaproject_Class1940493 -- Parser.getInstance()
2014.04.07 14:28:29.866 PDT INFO: Set type on 15000 instances: metaproject_Class1940947 -- Parser.getInstance()
2014.04.07 14:28:29.914 PDT INFO: Set type on 16000 instances: metaproject_Class1942228 -- Parser.getInstance()
2014.04.07 14:28:29.977 PDT INFO: Set type on 17000 instances: metaproject_Class1943405 -- Parser.getInstance()
2014.04.07 14:28:30.034 PDT INFO: Set type on 18000 instances: metaproject_Class1971043 -- Parser.getInstance()
2014.04.07 14:28:30.093 PDT INFO: Set type on 19000 instances: metaproject_Class1980565 -- Parser.getInstance()
2014.04.07 14:28:30.143 PDT INFO: Set type on 20000 instances: metaproject_Class1991196 -- Parser.getInstance()
2014.04.07 14:28:30.198 PDT INFO: Set type on 21000 instances: metaproject_Class2030238 -- Parser.getInstance()
2014.04.07 14:28:30.255 PDT INFO: Set type on 22000 instances: metaproject_Class2031463 -- Parser.getInstance()
2014.04.07 14:28:30.308 PDT INFO: Set type on 23000 instances: metaproject_Class2032836 -- Parser.getInstance()
2014.04.07 14:28:30.365 PDT INFO: Set type on 24000 instances: metaproject_Class2034072 -- Parser.getInstance()
2014.04.07 14:28:30.418 PDT INFO: Set type on 25000 instances: metaproject_Class2035311 -- Parser.getInstance()
2014.04.07 14:28:30.640 PDT INFO: Set type on 26000 instances: metaproject_Class2036503 -- Parser.getInstance()
2014.04.07 14:28:30.688 PDT INFO: Loaded 55000 instances: metaproject_Class2037612 -- Parser.getInstance()
2014.04.07 14:28:30.698 PDT INFO: Set type on 27000 instances: metaproject_Class2037823 -- Parser.getInstance()
2014.04.07 14:28:30.779 PDT INFO: Loaded 56000 instances: MyOnto_Writers -- Parser.getInstance()
2014.04.07 14:28:30.827 PDT INFO: Set type on 28000 instances: metaproject_Class640012 -- Parser.getInstance()
2014.04.07 14:28:30.840 PDT INFO: Loaded 57000 instances: metaproject_Class700035 -- Parser.getInstance()
2014.04.07 14:28:30.965 PDT INFO: Set type on 29000 instances: SA_gist_Commenters -- Parser.getInstance()
2014.04.07 14:28:30.976 PDT INFO: Loaded 58000 instances: tesis -- Parser.getInstance()
2014.04.07 14:31:50.413 PDT INFO: *** SYSTEM START ***
2014.04.07 14:31:51.368 PDT INFO: Loaded 5000 instances: 19a4c0ee-233f-4fc9-a060-87d58f455fc6 -- Parser.getInstance()
2014.04.07 14:31:51.402 PDT INFO: Loaded 6000 instances: metaproject_Class2032353 -- Parser.getInstance()
2014.04.07 14:31:51.438 PDT INFO: Loaded 7000 instances: 243d32b0-1238-4c11-b8c7-9a99e570d56f_Writers -- Parser.getInstance()
2014.04.07 14:31:51.472 PDT INFO: Loaded 8000 instances: 289c2e84-b733-4b05-b7a9-da0c5fb59db7 -- Parser.getInstance()
2014.04.07 14:31:51.506 PDT INFO: Loaded 9000 instances: 2d66dc8e-c536-40b1-a151-f52d6d5e90a7 -- Parser.getInstance()
2014.04.07 14:31:51.539 PDT INFO: Loaded 10000 instances: 32477347-6392-492f-ba4f-e5fcd2b351dc_Readers -- Parser.getInstance()
2014.04.07 14:31:51.569 PDT INFO: Loaded 11000 instances: metaproject_Class1880715 -- Parser.getInstance()
2014.04.07 14:31:51.599 PDT INFO: Loaded 12000 instances: 3c4354d9-b21d-46a3-bab8-9263d094cc8d -- Parser.getInstance()
2014.04.07 14:31:51.622 PDT INFO: Loaded 13000 instances: metaproject_Class1980037 -- Parser.getInstance()
2014.04.07 14:31:51.643 PDT INFO: Loaded 14000 instances: 462b91e6-5f00-499c-8330-f00e8168d327_Readers -- Parser.getInstance()
2014.04.07 14:31:51.662 PDT INFO: Loaded 15000 instances: 4c71edd6-b419-4eab-8eb7-1572a19af633 -- Parser.getInstance()
2014.04.07 14:31:51.682 PDT INFO: Loaded 16000 instances: metaproject_Class1760220 -- Parser.getInstance()
2014.04.07 14:31:51.857 PDT INFO: Loaded 17000 instances: metaproject_Class490052 -- Parser.getInstance()
2014.04.07 14:31:51.877 PDT INFO: Loaded 18000 instances: 5e132749-13e2-4871-91da-177ac8b1c7bf_Commenters -- Parser.getInstance()
2014.04.07 14:31:51.900 PDT INFO: Loaded 19000 instances: 6341856d-5175-4564-b874-eb94777e0cc3_Writers -- Parser.getInstance()
2014.04.07 14:31:51.929 PDT INFO: Loaded 20000 instances: 68c3ed40-761f-484f-a50d-ed6292a68f5d_Writers -- Parser.getInstance()
2014.04.07 14:31:51.952 PDT INFO: Loaded 21000 instances: 6dc96290-c5a1-4dd9-8e4b-af8e47f78131_Commenters -- Parser.getInstance()
2014.04.07 14:31:51.973 PDT INFO: Loaded 22000 instances: metaproject_Class2020040 -- Parser.getInstance()
2014.04.07 14:31:51.997 PDT INFO: Loaded 23000 instances: metaproject_Class1890755 -- Parser.getInstance()
2014.04.07 14:31:52.020 PDT INFO: Loaded 24000 instances: 7d30699f-71ff-4a98-a457-5e3e86f084f0_Commenters -- Parser.getInstance()
2014.04.07 14:31:52.042 PDT INFO: Loaded 25000 instances: metaproject_Class1971166 -- Parser.getInstance()
2014.04.07 14:31:52.062 PDT INFO: Loaded 26000 instances: metaproject_Class1811764 -- Parser.getInstance()
2014.04.07 14:31:52.083 PDT INFO: Loaded 27000 instances: metaproject_Class1940971 -- Parser.getInstance()
2014.04.07 14:31:52.105 PDT INFO: Loaded 28000 instances: metaproject_Class1830145 -- Parser.getInstance()
2014.04.07 14:31:52.125 PDT INFO: Loaded 29000 instances: metaproject_Class1890693 -- Parser.getInstance()
2014.04.07 14:31:52.145 PDT INFO: Loaded 30000 instances: metaproject_Class1991596 -- Parser.getInstance()
2014.04.07 14:31:52.166 PDT INFO: Loaded 31000 instances: metaproject_Class1901068 -- Parser.getInstance()
2014.04.07 14:31:52.188 PDT INFO: Loaded 32000 instances: a94459fa-c158-4dfe-913f-d5709af125bf_Readers -- Parser.getInstance()
2014.04.07 14:31:52.208 PDT INFO: Loaded 33000 instances: ae6b5b8a-3f87-4d86-a855-a6a25c655404_Readers -- Parser.getInstance()
2014.04.07 14:31:52.232 PDT INFO: Loaded 34000 instances: b2c6bdfc-6bb1-486e-93b6-e7c026d0910f_Commenters -- Parser.getInstance()
2014.04.07 14:31:52.252 PDT INFO: Loaded 35000 instances: metaproject_Class1990390 -- Parser.getInstance()
2014.04.07 14:31:52.280 PDT INFO: Loaded 36000 instances: metaproject_Class1840676 -- Parser.getInstance()
2014.04.07 14:31:52.302 PDT INFO: Loaded 37000 instances: metaproject_Class2034781 -- Parser.getInstance()
2014.04.07 14:31:52.325 PDT INFO: Loaded 38000 instances: c7da27bb-61c4-4cf3-8f71-0961d06bce16_None -- Parser.getInstance()
2014.04.07 14:31:52.348 PDT INFO: Loaded 39000 instances: cd69d639-2c67-4530-ae25-1d3f01f90bf0_Readers -- Parser.getInstance()
2014.04.07 14:31:52.377 PDT INFO: Loaded 40000 instances: metaproject_Class2035693 -- Parser.getInstance()
2014.04.07 14:31:52.399 PDT INFO: Loaded 41000 instances: metaproject_Class1810574 -- Parser.getInstance()
2014.04.07 14:31:52.536 PDT INFO: Loaded 42000 instances: metaproject_Class1811263 -- Parser.getInstance()
2014.04.07 14:31:52.560 PDT INFO: Loaded 43000 instances: drugtests_Readers -- Parser.getInstance()
2014.04.07 14:31:52.585 PDT INFO: Loaded 44000 instances: metaproject_Class2031196 -- Parser.getInstance()
2014.04.07 14:31:52.610 PDT INFO: Loaded 45000 instances: metaproject_Class1830456 -- Parser.getInstance()
2014.04.07 14:31:52.634 PDT INFO: Loaded 46000 instances: metaproject_Class490057 -- Parser.getInstance()
2014.04.07 14:31:52.664 PDT INFO: Loaded 47000 instances: f5450db7-fbe5-4a9f-abcb-a9151d2cc97f -- Parser.getInstance()
2014.04.07 14:31:52.690 PDT INFO: Loaded 48000 instances: fa401009-2483-4154-bdf7-d63d039ec113_Readers -- Parser.getInstance()
2014.04.07 14:31:52.716 PDT INFO: Loaded 49000 instances: metaproject_Class1890872 -- Parser.getInstance()
2014.04.07 14:31:52.761 PDT INFO: Loaded 50000 instances: metaproject_Class80003 -- Parser.getInstance()
2014.04.07 14:31:52.832 PDT INFO: Loaded 51000 instances: metaproject_Class1090026 -- Parser.getInstance()
2014.04.07 14:31:52.912 PDT INFO: Loaded 52000 instances: metaproject_Class1430004 -- Parser.getInstance()
2014.04.07 14:31:53.155 PDT INFO: Loaded 53000 instances: metaproject_Class1810858 -- Parser.getInstance()
2014.04.07 14:31:53.212 PDT INFO: Set type on 5000 instances: metaproject_Class1810824 -- Parser.getInstance()
2014.04.07 14:31:53.443 PDT INFO: Set type on 6000 instances: metaproject_Class1830002 -- Parser.getInstance()
2014.04.07 14:31:53.501 PDT INFO: Set type on 7000 instances: metaproject_Class1840122 -- Parser.getInstance()
2014.04.07 14:31:53.556 PDT INFO: Set type on 8000 instances: metaproject_Class1880245 -- Parser.getInstance()
2014.04.07 14:31:53.612 PDT INFO: Set type on 9000 instances: metaproject_Class1881451 -- Parser.getInstance()
2014.04.07 14:31:53.666 PDT INFO: Set type on 10000 instances: metaproject_Class1890655 -- Parser.getInstance()
2014.04.07 14:31:53.717 PDT INFO: Set type on 11000 instances: metaproject_Class1891856 -- Parser.getInstance()
2014.04.07 14:31:53.766 PDT INFO: Set type on 12000 instances: metaproject_Class1901565 -- Parser.getInstance()
2014.04.07 14:31:53.811 PDT INFO: Set type on 13000 instances: metaproject_Class1902927 -- Parser.getInstance()
2014.04.07 14:31:53.861 PDT INFO: Set type on 14000 instances: metaproject_Class1910362 -- Parser.getInstance()
2014.04.07 14:31:53.891 PDT INFO: Loaded 54000 instances: metaproject_Class1940493 -- Parser.getInstance()
2014.04.07 14:31:53.909 PDT INFO: Set type on 15000 instances: metaproject_Class1940947 -- Parser.getInstance()
2014.04.07 14:31:53.956 PDT INFO: Set type on 16000 instances: metaproject_Class1942228 -- Parser.getInstance()
2014.04.07 14:31:54.000 PDT INFO: Set type on 17000 instances: metaproject_Class1943405 -- Parser.getInstance()
2014.04.07 14:31:54.046 PDT INFO: Set type on 18000 instances: metaproject_Class1971043 -- Parser.getInstance()
2014.04.07 14:31:54.102 PDT INFO: Set type on 19000 instances: metaproject_Class1980565 -- Parser.getInstance()
2014.04.07 14:31:54.149 PDT INFO: Set type on 20000 instances: metaproject_Class1991196 -- Parser.getInstance()
2014.04.07 14:31:54.196 PDT INFO: Set type on 21000 instances: metaproject_Class2030238 -- Parser.getInstance()
2014.04.07 14:31:54.243 PDT INFO: Set type on 22000 instances: metaproject_Class2031463 -- Parser.getInstance()
2014.04.07 14:31:54.293 PDT INFO: Set type on 23000 instances: metaproject_Class2032836 -- Parser.getInstance()
2014.04.07 14:31:54.539 PDT INFO: Set type on 24000 instances: metaproject_Class2034072 -- Parser.getInstance()
2014.04.07 14:31:54.587 PDT INFO: Set type on 25000 instances: metaproject_Class2035311 -- Parser.getInstance()
2014.04.07 14:31:54.637 PDT INFO: Set type on 26000 instances: metaproject_Class2036503 -- Parser.getInstance()
2014.04.07 14:31:54.677 PDT INFO: Loaded 55000 instances: metaproject_Class2037612 -- Parser.getInstance()
2014.04.07 14:31:54.685 PDT INFO: Set type on 27000 instances: metaproject_Class2037823 -- Parser.getInstance()
2014.04.07 14:31:54.755 PDT INFO: Loaded 56000 instances: MyOnto_Writers -- Parser.getInstance()
2014.04.07 14:31:54.801 PDT INFO: Set type on 28000 instances: metaproject_Class640012 -- Parser.getInstance()
2014.04.07 14:31:54.813 PDT INFO: Loaded 57000 instances: metaproject_Class700035 -- Parser.getInstance()
2014.04.07 14:31:54.931 PDT INFO: Set type on 29000 instances: SA_gist_Commenters -- Parser.getInstance()
2014.04.07 14:31:54.941 PDT INFO: Loaded 58000 instances: tesis -- Parser.getInstance()
2014.04.07 14:59:41.045 PDT INFO: *** SYSTEM START ***
2014.04.07 14:59:41.915 PDT INFO: Loaded 5000 instances: 19a4c0ee-233f-4fc9-a060-87d58f455fc6 -- Parser.getInstance()
2014.04.07 14:59:41.957 PDT INFO: Loaded 6000 instances: metaproject_Class2032353 -- Parser.getInstance()
2014.04.07 14:59:42.000 PDT INFO: Loaded 7000 instances: 243d32b0-1238-4c11-b8c7-9a99e570d56f_Writers -- Parser.getInstance()
2014.04.07 14:59:42.116 PDT INFO: Loaded 8000 instances: 289c2e84-b733-4b05-b7a9-da0c5fb59db7 -- Parser.getInstance()
2014.04.07 14:59:42.159 PDT INFO: Loaded 9000 instances: 2d66dc8e-c536-40b1-a151-f52d6d5e90a7 -- Parser.getInstance()
2014.04.07 14:59:42.189 PDT INFO: Loaded 10000 instances: 32477347-6392-492f-ba4f-e5fcd2b351dc_Readers -- Parser.getInstance()
2014.04.07 14:59:42.221 PDT INFO: Loaded 11000 instances: metaproject_Class1880715 -- Parser.getInstance()
2014.04.07 14:59:42.251 PDT INFO: Loaded 12000 instances: 3c4354d9-b21d-46a3-bab8-9263d094cc8d -- Parser.getInstance()
2014.04.07 14:59:42.274 PDT INFO: Loaded 13000 instances: metaproject_Class1980037 -- Parser.getInstance()
2014.04.07 14:59:42.295 PDT INFO: Loaded 14000 instances: 462b91e6-5f00-499c-8330-f00e8168d327_Readers -- Parser.getInstance()
2014.04.07 14:59:42.316 PDT INFO: Loaded 15000 instances: 4c71edd6-b419-4eab-8eb7-1572a19af633 -- Parser.getInstance()
2014.04.07 14:59:42.337 PDT INFO: Loaded 16000 instances: metaproject_Class1760220 -- Parser.getInstance()
2014.04.07 14:59:42.359 PDT INFO: Loaded 17000 instances: metaproject_Class490052 -- Parser.getInstance()
2014.04.07 14:59:42.380 PDT INFO: Loaded 18000 instances: 5e132749-13e2-4871-91da-177ac8b1c7bf_Commenters -- Parser.getInstance()
2014.04.07 14:59:42.403 PDT INFO: Loaded 19000 instances: 6341856d-5175-4564-b874-eb94777e0cc3_Writers -- Parser.getInstance()
2014.04.07 14:59:42.437 PDT INFO: Loaded 20000 instances: 68c3ed40-761f-484f-a50d-ed6292a68f5d_Writers -- Parser.getInstance()
2014.04.07 14:59:42.464 PDT INFO: Loaded 21000 instances: 6dc96290-c5a1-4dd9-8e4b-af8e47f78131_Commenters -- Parser.getInstance()
2014.04.07 14:59:42.487 PDT INFO: Loaded 22000 instances: metaproject_Class2020040 -- Parser.getInstance()
2014.04.07 14:59:42.513 PDT INFO: Loaded 23000 instances: metaproject_Class1890755 -- Parser.getInstance()
2014.04.07 14:59:42.538 PDT INFO: Loaded 24000 instances: 7d30699f-71ff-4a98-a457-5e3e86f084f0_Commenters -- Parser.getInstance()
2014.04.07 14:59:42.561 PDT INFO: Loaded 25000 instances: metaproject_Class1971166 -- Parser.getInstance()
2014.04.07 14:59:42.583 PDT INFO: Loaded 26000 instances: metaproject_Class1811764 -- Parser.getInstance()
2014.04.07 14:59:42.607 PDT INFO: Loaded 27000 instances: metaproject_Class1940971 -- Parser.getInstance()
2014.04.07 14:59:42.628 PDT INFO: Loaded 28000 instances: metaproject_Class1830145 -- Parser.getInstance()
2014.04.07 14:59:42.650 PDT INFO: Loaded 29000 instances: metaproject_Class1890693 -- Parser.getInstance()
2014.04.07 14:59:42.671 PDT INFO: Loaded 30000 instances: metaproject_Class1991596 -- Parser.getInstance()
2014.04.07 14:59:42.694 PDT INFO: Loaded 31000 instances: metaproject_Class1901068 -- Parser.getInstance()
2014.04.07 14:59:42.717 PDT INFO: Loaded 32000 instances: a94459fa-c158-4dfe-913f-d5709af125bf_Readers -- Parser.getInstance()
2014.04.07 14:59:42.739 PDT INFO: Loaded 33000 instances: ae6b5b8a-3f87-4d86-a855-a6a25c655404_Readers -- Parser.getInstance()
2014.04.07 14:59:42.763 PDT INFO: Loaded 34000 instances: b2c6bdfc-6bb1-486e-93b6-e7c026d0910f_Commenters -- Parser.getInstance()
2014.04.07 14:59:42.786 PDT INFO: Loaded 35000 instances: metaproject_Class1990390 -- Parser.getInstance()
2014.04.07 14:59:42.810 PDT INFO: Loaded 36000 instances: metaproject_Class1840676 -- Parser.getInstance()
2014.04.07 14:59:42.833 PDT INFO: Loaded 37000 instances: metaproject_Class2034781 -- Parser.getInstance()
2014.04.07 14:59:42.855 PDT INFO: Loaded 38000 instances: c7da27bb-61c4-4cf3-8f71-0961d06bce16_None -- Parser.getInstance()
2014.04.07 14:59:43.025 PDT INFO: Loaded 39000 instances: cd69d639-2c67-4530-ae25-1d3f01f90bf0_Readers -- Parser.getInstance()
2014.04.07 14:59:43.049 PDT INFO: Loaded 40000 instances: metaproject_Class2035693 -- Parser.getInstance()
2014.04.07 14:59:43.073 PDT INFO: Loaded 41000 instances: metaproject_Class1810574 -- Parser.getInstance()
2014.04.07 14:59:43.097 PDT INFO: Loaded 42000 instances: metaproject_Class1811263 -- Parser.getInstance()
2014.04.07 14:59:43.122 PDT INFO: Loaded 43000 instances: drugtests_Readers -- Parser.getInstance()
2014.04.07 14:59:43.146 PDT INFO: Loaded 44000 instances: metaproject_Class2031196 -- Parser.getInstance()
2014.04.07 14:59:43.173 PDT INFO: Loaded 45000 instances: metaproject_Class1830456 -- Parser.getInstance()
2014.04.07 14:59:43.198 PDT INFO: Loaded 46000 instances: metaproject_Class490057 -- Parser.getInstance()
2014.04.07 14:59:43.231 PDT INFO: Loaded 47000 instances: f5450db7-fbe5-4a9f-abcb-a9151d2cc97f -- Parser.getInstance()
2014.04.07 14:59:43.258 PDT INFO: Loaded 48000 instances: fa401009-2483-4154-bdf7-d63d039ec113_Readers -- Parser.getInstance()
2014.04.07 14:59:43.285 PDT INFO: Loaded 49000 instances: metaproject_Class1890872 -- Parser.getInstance()
2014.04.07 14:59:43.320 PDT INFO: Loaded 50000 instances: metaproject_Class80003 -- Parser.getInstance()
2014.04.07 14:59:43.391 PDT INFO: Loaded 51000 instances: metaproject_Class1090026 -- Parser.getInstance()
2014.04.07 14:59:43.479 PDT INFO: Loaded 52000 instances: metaproject_Class1430004 -- Parser.getInstance()
2014.04.07 14:59:43.726 PDT INFO: Loaded 53000 instances: metaproject_Class1810858 -- Parser.getInstance()
2014.04.07 14:59:43.784 PDT INFO: Set type on 5000 instances: metaproject_Class1810824 -- Parser.getInstance()
2014.04.07 14:59:43.845 PDT INFO: Set type on 6000 instances: metaproject_Class1830002 -- Parser.getInstance()
2014.04.07 14:59:43.907 PDT INFO: Set type on 7000 instances: metaproject_Class1840122 -- Parser.getInstance()
2014.04.07 14:59:44.139 PDT INFO: Set type on 8000 instances: metaproject_Class1880245 -- Parser.getInstance()
2014.04.07 14:59:44.196 PDT INFO: Set type on 9000 instances: metaproject_Class1881451 -- Parser.getInstance()
2014.04.07 14:59:44.254 PDT INFO: Set type on 10000 instances: metaproject_Class1890655 -- Parser.getInstance()
2014.04.07 14:59:44.303 PDT INFO: Set type on 11000 instances: metaproject_Class1891856 -- Parser.getInstance()
2014.04.07 14:59:44.349 PDT INFO: Set type on 12000 instances: metaproject_Class1901565 -- Parser.getInstance()
2014.04.07 14:59:44.392 PDT INFO: Set type on 13000 instances: metaproject_Class1902927 -- Parser.getInstance()
2014.04.07 14:59:44.445 PDT INFO: Set type on 14000 instances: metaproject_Class1910362 -- Parser.getInstance()
2014.04.07 14:59:44.474 PDT INFO: Loaded 54000 instances: metaproject_Class1940493 -- Parser.getInstance()
2014.04.07 14:59:44.493 PDT INFO: Set type on 15000 instances: metaproject_Class1940947 -- Parser.getInstance()
2014.04.07 14:59:44.540 PDT INFO: Set type on 16000 instances: metaproject_Class1942228 -- Parser.getInstance()
2014.04.07 14:59:44.584 PDT INFO: Set type on 17000 instances: metaproject_Class1943405 -- Parser.getInstance()
2014.04.07 14:59:44.633 PDT INFO: Set type on 18000 instances: metaproject_Class1971043 -- Parser.getInstance()
2014.04.07 14:59:44.696 PDT INFO: Set type on 19000 instances: metaproject_Class1980565 -- Parser.getInstance()
2014.04.07 14:59:44.744 PDT INFO: Set type on 20000 instances: metaproject_Class1991196 -- Parser.getInstance()
2014.04.07 14:59:44.792 PDT INFO: Set type on 21000 instances: metaproject_Class2030238 -- Parser.getInstance()
2014.04.07 14:59:44.839 PDT INFO: Set type on 22000 instances: metaproject_Class2031463 -- Parser.getInstance()
2014.04.07 14:59:44.888 PDT INFO: Set type on 23000 instances: metaproject_Class2032836 -- Parser.getInstance()
2014.04.07 14:59:44.946 PDT INFO: Set type on 24000 instances: metaproject_Class2034072 -- Parser.getInstance()
2014.04.07 14:59:44.993 PDT INFO: Set type on 25000 instances: metaproject_Class2035311 -- Parser.getInstance()
2014.04.07 14:59:45.228 PDT INFO: Set type on 26000 instances: metaproject_Class2036503 -- Parser.getInstance()
2014.04.07 14:59:45.271 PDT INFO: Loaded 55000 instances: metaproject_Class2037612 -- Parser.getInstance()
2014.04.07 14:59:45.280 PDT INFO: Set type on 27000 instances: metaproject_Class2037823 -- Parser.getInstance()
2014.04.07 14:59:45.348 PDT INFO: Loaded 56000 instances: MyOnto_Writers -- Parser.getInstance()
2014.04.07 14:59:45.391 PDT INFO: Set type on 28000 instances: metaproject_Class640012 -- Parser.getInstance()
2014.04.07 14:59:45.403 PDT INFO: Loaded 57000 instances: metaproject_Class700035 -- Parser.getInstance()
2014.04.07 14:59:45.520 PDT INFO: Set type on 29000 instances: SA_gist_Commenters -- Parser.getInstance()
2014.04.07 14:59:45.531 PDT INFO: Loaded 58000 instances: tesis -- Parser.getInstance()
2014.04.07 15:43:32.716 PDT INFO: *** SYSTEM START ***
2014.04.07 15:43:32.728 PDT SEVERE: Unable to load project from: file:/Users/matthewhorridge/IdeaProjects/webprotege-github/$%7Bdata.directory%7D/metaproject/metaproject.pprj -- Project.getProjectInstancesReader()
2014.04.07 15:43:33.066 PDT INFO: WebProtege cleanly disposed -- WebProtegeInitializer.contextDestroyed()
2014.04.07 15:46:41.375 PDT INFO: *** SYSTEM START ***
2014.04.07 15:46:41.384 PDT SEVERE: Unable to load project from: file:/Users/matthewhorridge/IdeaProjects/webprotege-github/$%7Bdata.directory%7D/metaproject/metaproject.pprj -- Project.getProjectInstancesReader()
2014.04.07 15:46:41.692 PDT INFO: WebProtege cleanly disposed -- WebProtegeInitializer.contextDestroyed()
