2014.04.07 14:21:22.043 PDT INFO: *** SYSTEM START ***
2014.04.07 14:21:22.902 PDT INFO: Loaded 5000 instances: 19a4c0ee-233f-4fc9-a060-87d58f455fc6 -- Parser.getInstance()
2014.04.07 14:21:22.941 PDT INFO: Loaded 6000 instances: metaproject_Class2032353 -- Parser.getInstance()
2014.04.07 14:21:22.983 PDT INFO: Loaded 7000 instances: 243d32b0-1238-4c11-b8c7-9a99e570d56f_Writers -- Parser.getInstance()
2014.04.07 14:21:23.057 PDT INFO: Loaded 8000 instances: 289c2e84-b733-4b05-b7a9-da0c5fb59db7 -- Parser.getInstance()
2014.04.07 14:21:23.097 PDT INFO: Loaded 9000 instances: 2d66dc8e-c536-40b1-a151-f52d6d5e90a7 -- Parser.getInstance()
2014.04.07 14:21:23.129 PDT INFO: Loaded 10000 instances: 32477347-6392-492f-ba4f-e5fcd2b351dc_Readers -- Parser.getInstance()
2014.04.07 14:21:23.162 PDT INFO: Loaded 11000 instances: metaproject_Class1880715 -- Parser.getInstance()
2014.04.07 14:21:23.193 PDT INFO: Loaded 12000 instances: 3c4354d9-b21d-46a3-bab8-9263d094cc8d -- Parser.getInstance()
2014.04.07 14:21:23.251 PDT INFO: Loaded 13000 instances: metaproject_Class1980037 -- Parser.getInstance()
2014.04.07 14:21:23.274 PDT INFO: Loaded 14000 instances: 462b91e6-5f00-499c-8330-f00e8168d327_Readers -- Parser.getInstance()
2014.04.07 14:21:23.298 PDT INFO: Loaded 15000 instances: 4c71edd6-b419-4eab-8eb7-1572a19af633 -- Parser.getInstance()
2014.04.07 14:21:23.322 PDT INFO: Loaded 16000 instances: metaproject_Class1760220 -- Parser.getInstance()
2014.04.07 14:21:23.381 PDT INFO: Loaded 17000 instances: metaproject_Class490052 -- Parser.getInstance()
2014.04.07 14:21:23.405 PDT INFO: Loaded 18000 instances: 5e132749-13e2-4871-91da-177ac8b1c7bf_Commenters -- Parser.getInstance()
2014.04.07 14:21:23.431 PDT INFO: Loaded 19000 instances: 6341856d-5175-4564-b874-eb94777e0cc3_Writers -- Parser.getInstance()
2014.04.07 14:21:23.465 PDT INFO: Loaded 20000 instances: 68c3ed40-761f-484f-a50d-ed6292a68f5d_Writers -- Parser.getInstance()
2014.04.07 14:21:23.493 PDT INFO: Loaded 21000 instances: 6dc96290-c5a1-4dd9-8e4b-af8e47f78131_Commenters -- Parser.getInstance()
2014.04.07 14:21:23.552 PDT INFO: Loaded 22000 instances: metaproject_Class2020040 -- Parser.getInstance()
2014.04.07 14:21:23.582 PDT INFO: Loaded 23000 instances: metaproject_Class1890755 -- Parser.getInstance()
2014.04.07 14:21:23.610 PDT INFO: Loaded 24000 instances: 7d30699f-71ff-4a98-a457-5e3e86f084f0_Commenters -- Parser.getInstance()
2014.04.07 14:21:23.634 PDT INFO: Loaded 25000 instances: metaproject_Class1971166 -- Parser.getInstance()
2014.04.07 14:21:23.693 PDT INFO: Loaded 26000 instances: metaproject_Class1811764 -- Parser.getInstance()
2014.04.07 14:21:23.716 PDT INFO: Loaded 27000 instances: metaproject_Class1940971 -- Parser.getInstance()
2014.04.07 14:21:23.740 PDT INFO: Loaded 28000 instances: metaproject_Class1830145 -- Parser.getInstance()
2014.04.07 14:21:23.765 PDT INFO: Loaded 29000 instances: metaproject_Class1890693 -- Parser.getInstance()
2014.04.07 14:21:23.822 PDT INFO: Loaded 30000 instances: metaproject_Class1991596 -- Parser.getInstance()
2014.04.07 14:21:23.848 PDT INFO: Loaded 31000 instances: metaproject_Class1901068 -- Parser.getInstance()
2014.04.07 14:21:23.875 PDT INFO: Loaded 32000 instances: a94459fa-c158-4dfe-913f-d5709af125bf_Readers -- Parser.getInstance()
2014.04.07 14:21:23.900 PDT INFO: Loaded 33000 instances: ae6b5b8a-3f87-4d86-a855-a6a25c655404_Readers -- Parser.getInstance()
2014.04.07 14:21:23.926 PDT INFO: Loaded 34000 instances: b2c6bdfc-6bb1-486e-93b6-e7c026d0910f_Commenters -- Parser.getInstance()
2014.04.07 14:21:23.984 PDT INFO: Loaded 35000 instances: metaproject_Class1990390 -- Parser.getInstance()
2014.04.07 14:21:24.013 PDT INFO: Loaded 36000 instances: metaproject_Class1840676 -- Parser.getInstance()
2014.04.07 14:21:24.040 PDT INFO: Loaded 37000 instances: metaproject_Class2034781 -- Parser.getInstance()
2014.04.07 14:21:24.067 PDT INFO: Loaded 38000 instances: c7da27bb-61c4-4cf3-8f71-0961d06bce16_None -- Parser.getInstance()
2014.04.07 14:21:24.097 PDT INFO: Loaded 39000 instances: cd69d639-2c67-4530-ae25-1d3f01f90bf0_Readers -- Parser.getInstance()
2014.04.07 14:21:24.166 PDT INFO: Loaded 40000 instances: metaproject_Class2035693 -- Parser.getInstance()
2014.04.07 14:21:24.192 PDT INFO: Loaded 41000 instances: metaproject_Class1810574 -- Parser.getInstance()
2014.04.07 14:21:24.222 PDT INFO: Loaded 42000 instances: metaproject_Class1811263 -- Parser.getInstance()
2014.04.07 14:21:24.250 PDT INFO: Loaded 43000 instances: drugtests_Readers -- Parser.getInstance()
2014.04.07 14:21:24.317 PDT INFO: Loaded 44000 instances: metaproject_Class2031196 -- Parser.getInstance()
2014.04.07 14:21:24.345 PDT INFO: Loaded 45000 instances: metaproject_Class1830456 -- Parser.getInstance()
2014.04.07 14:21:24.374 PDT INFO: Loaded 46000 instances: metaproject_Class490057 -- Parser.getInstance()
2014.04.07 14:21:24.409 PDT INFO: Loaded 47000 instances: f5450db7-fbe5-4a9f-abcb-a9151d2cc97f -- Parser.getInstance()
2014.04.07 14:21:24.481 PDT INFO: Loaded 48000 instances: fa401009-2483-4154-bdf7-d63d039ec113_Readers -- Parser.getInstance()
2014.04.07 14:21:24.509 PDT INFO: Loaded 49000 instances: metaproject_Class1890872 -- Parser.getInstance()
2014.04.07 14:21:24.554 PDT INFO: Loaded 50000 instances: metaproject_Class80003 -- Parser.getInstance()
2014.04.07 14:21:24.676 PDT INFO: Loaded 51000 instances: metaproject_Class1090026 -- Parser.getInstance()
2014.04.07 14:21:24.770 PDT INFO: Loaded 52000 instances: metaproject_Class1430004 -- Parser.getInstance()
2014.04.07 14:21:25.122 PDT INFO: Loaded 53000 instances: metaproject_Class1810858 -- Parser.getInstance()
2014.04.07 14:21:25.190 PDT INFO: Set type on 5000 instances: metaproject_Class1810824 -- Parser.getInstance()
2014.04.07 14:21:25.265 PDT INFO: Set type on 6000 instances: metaproject_Class1830002 -- Parser.getInstance()
2014.04.07 14:21:25.375 PDT INFO: Set type on 7000 instances: metaproject_Class1840122 -- Parser.getInstance()
2014.04.07 14:21:25.433 PDT INFO: Set type on 8000 instances: metaproject_Class1880245 -- Parser.getInstance()
2014.04.07 14:21:25.490 PDT INFO: Set type on 9000 instances: metaproject_Class1881451 -- Parser.getInstance()
2014.04.07 14:21:25.591 PDT INFO: Set type on 10000 instances: metaproject_Class1890655 -- Parser.getInstance()
2014.04.07 14:21:25.652 PDT INFO: Set type on 11000 instances: metaproject_Class1891856 -- Parser.getInstance()
2014.04.07 14:21:25.703 PDT INFO: Set type on 12000 instances: metaproject_Class1901565 -- Parser.getInstance()
2014.04.07 14:21:25.784 PDT INFO: Set type on 13000 instances: metaproject_Class1902927 -- Parser.getInstance()
2014.04.07 14:21:25.839 PDT INFO: Set type on 14000 instances: metaproject_Class1910362 -- Parser.getInstance()
2014.04.07 14:21:25.874 PDT INFO: Loaded 54000 instances: metaproject_Class1940493 -- Parser.getInstance()
2014.04.07 14:21:25.929 PDT INFO: Set type on 15000 instances: metaproject_Class1940947 -- Parser.getInstance()
2014.04.07 14:21:25.985 PDT INFO: Set type on 16000 instances: metaproject_Class1942228 -- Parser.getInstance()
2014.04.07 14:21:26.034 PDT INFO: Set type on 17000 instances: metaproject_Class1943405 -- Parser.getInstance()
2014.04.07 14:21:26.122 PDT INFO: Set type on 18000 instances: metaproject_Class1971043 -- Parser.getInstance()
2014.04.07 14:21:26.182 PDT INFO: Set type on 19000 instances: metaproject_Class1980565 -- Parser.getInstance()
2014.04.07 14:21:26.272 PDT INFO: Set type on 20000 instances: metaproject_Class1991196 -- Parser.getInstance()
2014.04.07 14:21:26.331 PDT INFO: Set type on 21000 instances: metaproject_Class2030238 -- Parser.getInstance()
2014.04.07 14:21:26.389 PDT INFO: Set type on 22000 instances: metaproject_Class2031463 -- Parser.getInstance()
2014.04.07 14:21:26.489 PDT INFO: Set type on 23000 instances: metaproject_Class2032836 -- Parser.getInstance()
2014.04.07 14:21:26.557 PDT INFO: Set type on 24000 instances: metaproject_Class2034072 -- Parser.getInstance()
2014.04.07 14:21:26.656 PDT INFO: Set type on 25000 instances: metaproject_Class2035311 -- Parser.getInstance()
2014.04.07 14:21:26.720 PDT INFO: Set type on 26000 instances: metaproject_Class2036503 -- Parser.getInstance()
2014.04.07 14:21:26.767 PDT INFO: Loaded 55000 instances: metaproject_Class2037612 -- Parser.getInstance()
2014.04.07 14:21:26.777 PDT INFO: Set type on 27000 instances: metaproject_Class2037823 -- Parser.getInstance()
2014.04.07 14:21:26.893 PDT INFO: Loaded 56000 instances: MyOnto_Writers -- Parser.getInstance()
2014.04.07 14:21:26.949 PDT INFO: Set type on 28000 instances: metaproject_Class640012 -- Parser.getInstance()
2014.04.07 14:21:26.965 PDT INFO: Loaded 57000 instances: metaproject_Class700035 -- Parser.getInstance()
2014.04.07 14:21:27.161 PDT INFO: Set type on 29000 instances: SA_gist_Commenters -- Parser.getInstance()
2014.04.07 14:21:27.175 PDT INFO: Loaded 58000 instances: tesis -- Parser.getInstance()
